Esko Crash Dump Sun Dec 12 15:00:14 CAT 2021

Error: count(): Argument #1 ($value) must be of type Countable|array, null given
File: plugins/TW/src/TurfWars/TWTask
Line: 22
Type: TypeError

THIS CRASH WAS CAUSED BY A PLUGIN
BAD PLUGIN: TurfWars v1.0.0

Code:
[13] 	public function __construct(Main $plugin)
[14] 	{
[15] 		$this->plugin = $plugin;
[16] 	}
[17] 
[18] 	public function onRun(int $currentTick)
[19] 	{
[20] 		$this->plugin->Second();
[21] 		foreach($this->plugin->games as $game => $index){
[22] 			if(count($this->plugin->getServer()->getLevelByName($index["Arena"])?->getPlayers()) == 2){
[23] 				if($this->checkTicks == 5){
[24] 					$this->checkTicks--;
[25] 				}
[26] 			}
[27] 			if($this->checkTicks == 0){
[28] 				if(count($this->plugin->getServer()->getLevelByName($index["Arena"])?->getPlayers()) == 1){
[29] 					$this->plugin->LeaveCheck($index["Arena"], $this->plugin->getTeam($this->plugin->getServer()->getLevelByName($index["Arena"])->getPlayers()));
[30] 				}else{
[31] 					$this->checkTicks = 5;
[32] 				}

Backtrace:
#0 plugins/TW/src/TurfWars/TWTask(22): count(NULL )
#1 pmsrc/src/pocketmine/scheduler/TaskHandler(137): TurfWars\TWTask->onRun(integer 1)
#2 pmsrc/src/pocketmine/scheduler/TaskScheduler(179): pocketmine\scheduler\TaskHandler->run(integer 1)
#3 pmsrc/src/pocketmine/plugin/PluginManager(654): pocketmine\scheduler\TaskScheduler->mainThreadHeartbeat(integer 1)
#4 pmsrc/src/pocketmine/Server(2488): pocketmine\plugin\PluginManager->tickSchedulers(integer 1)
#5 pmsrc/src/pocketmine/Server(2263): pocketmine\Server->tick()
#6 pmsrc/src/pocketmine/Server(2106): pocketmine\Server->tickProcessor()
#7 pmsrc/src/pocketmine/Server(1684): pocketmine\Server->start()
#8 pmsrc/src/pocketmine/PocketMine(332): pocketmine\Server->__construct(object BaseClassLoader, object pocketmine\utils\MainLogger, string[31] C:\Users\User\Downloads\EskoBE\, string[39] C:\Users\User\Downloads\EskoBE\plugins\)
#9 pmsrc/src/pocketmine/PocketMine(362): pocketmine\server()

Esko version: 3.0.0+dev [Protocol 475]
Git commit: fe1fda166ccdf385b98ff407b3fbb0f1173494b2
uname -a: Windows NT DESKTOP-PJ6PQ5I 10.0 build 19043 (Windows 10) AMD64
PHP Version: 8.0.13
Zend version: 4.0.13
OS: WINNT, win
Composer libraries: 
- adhocore/json-comment 1.1.2@fc2f76979f0a44a5f5bc2a2b600d0762fe0e78e7
- daverandom/callback-validator unknown@unknown
- doctrine/instantiator 1.4.0@d56bf6102915de5702778fe20f2de3b2fe570b5b
- myclabs/deep-copy 1.10.2@776f831124e9c62e1a2c601ecc52e776d8bb7220
- nikic/php-parser v4.13.2@210577fe3cf7badcc5814d99455df46564f3c077
- phar-io/manifest 2.0.3@97803eca37d319dfa7826cc2437fc020857acb53
- phar-io/version 3.1.0@bae7c545bef187884426f042434e561ab1ddb182
- phpdocumentor/reflection-common 2.2.0@1d01c49d4ed62f25aa84a747ad35d5a16924662b
- phpdocumentor/reflection-docblock 5.3.0@622548b623e81ca6d78b721c5e029f4ce664f170
- phpdocumentor/type-resolver 1.5.1@a12f7e301eb7258bb68acd89d4aefa05c2906cae
- phpspec/prophecy v1.15.0@bbcd7380b0ebf3961ee21409db7b38bc31d69a13
- phpstan/phpstan 1.2.0@cbe085f9fdead5b6d62e4c022ca52dc9427a10ee
- phpstan/phpstan-phpunit 1.0.0@9eb88c9f689003a8a2a5ae9e010338ee94dc39b3
- phpstan/phpstan-strict-rules 1.1.0@e12d55f74a8cca18c6e684c6450767e055ba7717
- phpunit/php-code-coverage 9.2.10@d5850aaf931743067f4bfc1ae4cbd06468400687
- phpunit/php-file-iterator 3.0.6@cf1c2e7c203ac650e352f4cc675a7021e7d1b3cf
- phpunit/php-invoker 3.1.1@5a10147d0aaf65b58940a0b72f71c9ac0423cc67
- phpunit/php-text-template 2.0.4@5da5f67fc95621df9ff4c4e5a84d6a8a2acf7c28
- phpunit/php-timer 5.0.3@5a63ce20ed1b5bf577850e2c4e87f4aa902afbd2
- phpunit/phpunit 9.5.10@c814a05837f2edb0d1471d6e3f4ab3501ca3899a
- pocketmine/binaryutils 0.1.13@0abee38d4e2861621f262c79a2a3d699d8a697f4
- pocketmine/callback-validator 1.0.3@64787469766bcaa7e5885242e85c23c25e8c55a2
- pocketmine/classloader 0.1.3@3c484a27787f7732ce842ed694928a29ba340961
- pocketmine/log 0.2.1@830b44a2cf96ef703c550abe64302f230231ca49
- pocketmine/log-pthreads 0.1.4@01620c3628cdaa6b4a21122cff4c5d2f70b5c1d3
- pocketmine/math 0.2.6@43057cb8c179a9859677b496a788db922fd5cfc3
- pocketmine/nbt 0.2.18@9f82ca4d7f97fcd9a566e44b63c4f18a7657ae82
- pocketmine/pocketmine-mp dev-master@fe1fda166ccdf385b98ff407b3fbb0f1173494b2
- pocketmine/raklib 0.12.12@5abe22043352e94099e4edfcef5fb3644578ddc1
- pocketmine/snooze 0.1.6@92abf1e988c71635d466abb777f61f89e5a9c990
- pocketmine/spl 0.4.2@6b08b7cf8c4afa17139c9a1b3bf1b408531de161
- sebastian/cli-parser 1.0.1@442e7c7e687e42adc03470c7b668bc4b2402c0b2
- sebastian/code-unit 1.0.8@1fc9f64c0927627ef78ba436c9b17d967e68e120
- sebastian/code-unit-reverse-lookup 2.0.3@ac91f01ccec49fb77bdc6fd1e548bc70f7faa3e5
- sebastian/comparator 4.0.6@55f4261989e546dc112258c7a75935a81a7ce382
- sebastian/complexity 2.0.2@739b35e53379900cc9ac327b2147867b8b6efd88
- sebastian/diff 4.0.4@3461e3fccc7cfdfc2720be910d3bd73c69be590d
- sebastian/environment 5.1.3@388b6ced16caa751030f6a69e588299fa09200ac
- sebastian/exporter 4.0.4@65e8b7db476c5dd267e65eea9cab77584d3cfff9
- sebastian/global-state 5.0.3@23bd5951f7ff26f12d4e3242864df3e08dec4e49
- sebastian/lines-of-code 1.0.3@c1c2e997aa3146983ed888ad08b15470a2e22ecc
- sebastian/object-enumerator 4.0.4@5c9eeac41b290a3712d88851518825ad78f45c71
- sebastian/object-reflector 2.0.4@b4f479ebdbf63ac605d183ece17d8d7fe49c15c7
- sebastian/recursion-context 4.0.4@cd9d8cf3c5804de4341c283ed787f099f5506172
- sebastian/resource-operations 3.0.3@0f4443cb3a1d92ce809899753bc0d5d5a8dd19a8
- sebastian/type 2.3.4@b8cd8a1c753c90bc1a0f5372170e3e489136f914
- sebastian/version 3.0.2@c6c1022351a901512170118436c764e473f6de8c
- symfony/polyfill-ctype v1.23.0@46cd95797e9df938fdd2b03693b5fca5e64b01ce
- theseer/tokenizer 1.2.1@34a41e998c2183e22995f158c581e7b5e755ab9e
- webmozart/assert 1.10.0@6964c76c7804814a842473e0c8fd15bab0f18e25

Loaded plugins:
DevTools 1.14.2 by PocketMine Team for API(s) 3.0.0
TurfWars 1.0.0 by DRAGKILLS for API(s) 3.0.0

----------------------REPORT THE DATA BELOW THIS LINE-----------------------

===BEGIN CRASH DUMP===
eNrtWwtv3Dae/yrEpEDtg2es98OFc07jdJtbp/HGDlJcXQQUSc2o0UhaPfxIr9/9fn+SmtGM3XQX
u3fA4bZA6xFF/t9vsb/O8rpd8/7jrWq7oq5mJ8HRrC/WanbiRn7qu4HjBgsvcdwwPpoNjXnlLGI/
9MPATULXCfzYcY9mJe/6V21bt7OTX2f9Q4Nts2v8MWtHs7XqOr6kVVEPVX9weMJetMthraqePXPZ
wVe3vBzUIVsPXc8yxeqcERT2knbzrFT/xduWPxyxaihLtixuVQWoOR6+K0oC+/Lk5uZ9BzbMn5ub
8/quKmsusfCq+1R/++rmpimHZVFh4frDzU3XCvwY2vwDb/XSNe8+LZpVQ3ANTLv/+PrDMXYfj5uP
zV7sK4sK+zwPQmu5wM+fZs8c9uVjB54H5o0Ufnh/ccEOAQgiaNa0mf5tavFJ9WvAPu7ESsmhVO0x
Hf2eVxK/D1w/Boh92ufP6+rdUB0UVa+WqmWuBuz9LYCvxqcDN04BersRchrfAc+Whvnz9hEq/2lU
RhzHl/rPG17BDNqDKAy+jGdD0vz5mhfV9apVXH6veNtnivd7mIOnMV+pFoZ94AVJsofM0HRzs0PU
/HlfiC3ibg9J+GUkXuTvITFvDNQDDSL6MgjXib4A4rKtBbyobg2s+Iuw3CgJfgdW10OIBkbyNIxL
/fMNfh74vvc7YD5+FHXV9e0g+oM6+0WJnn3LO/USkaC7gN+p9ojZ9enxoS9KmOwb6PSiXi5pF4AU
1fIn3/2Z/S1evD2Q/m0HNm6veU7/mOdon+fOCPVw9vNvRzP1vx/m/s5wBCLN3o9FdVuXt4rwA4As
WqhjNr4l2i0MrIlaKuLK9bF+0zdDVhaC5UMlemQGNlU3KY99ZYCQTN1AH/mVfob6503/Vb8quvlz
s4mdjtu/oT2R3vMb/Yzxk/4mTyLdBDT2lRjaFlxcwxE0ynSD0nOeQjl/fqVAsTw4JJSea/cg3yku
Vgd7e5ccmmO8Y1/RL3b6nH1VVFLdH2oEnj180xf5gVHs/nnVW8c71A8X6laV3z78AGAHBtJPN7MX
YIDfzH4+/He957LkDxRlDg/Z6SnzDCp/g0ojs2gQksQnYr2jraHZGky2bpjf7pzPNePhZBdJ3Is2
C/oxnvL2JDrHoEt2KfsfEoNrkKVP8TZiuVD8Vr0kGh8DPWKPSbpWfP2PUbpHqDYp35lKVpWdIsp9
98tagSeE+rS3o5ff/lVB/KuC+FcF8f+hgjiaLVWlWl5Ssq04NVQzwgPIGbjftmIzf+EsHFoeilKi
7TqaFd1HqW5nJ5CZQhZv674WNQAFcQiwBeX4XLm55G4UCSFzPwmzNMnzwIkzP88yJ3fd2A/SIPMA
d7DYPyDe1Xcd++Ganb+6+vP128v55X9El38JXzMXFDCNn7kpej12MG52nUP24s15FFA5gabpZJaA
XBQPR7PPqgK5s2B8xuuPdUeIXv/wwzUW9MNdUemqY93UEM7Hssha3haqI7FwuQJjrTr+paurOfbY
AsZduAvvLBdeHkdpnOYODwIe5mEmPO5lkeNIJ468XDkqTlQM8BKZokW8qdfHgpdlxsWnOUqwQvKe
ajiI4FMFdZ/Zv3SiFmQb6hj67nnVF3anuwA/ZzKMsjxyHS91Q6nC2PHiOMmV5+SeVH4G1FjLwoxK
wQdR8qw7lko1YKF5MPQ7YCCOozzxXdcLVCoiT7ncE5HjKiFCT+GlTLIs9jzSfVV8KmBlq2beIFAr
ouQ2gFgBBc4exnGufJHHGZc4nLiBTNMgDGUeRGEU5L5w4lhrgLfzoj5e86rIVUei9KAd/yyNE8dX
gvux9N1U5jxOPFiOh64+F47nJGHMRRb6ExhT+3QhkoyrWIRBmKncTeIkCQIvyp0AIAIVRi7PXCkz
N/GMIUC8uhqu2+NW5aXSdZ7WsAbpLUDXmSsdVwSpDJSENr2Q8yTgcRBz6YcyhHGnXhBFXvYlkFjN
SjgggIYLeNJZ5HlhkGSR56vEFTyScQIhuyJU0GYeCBVBYG7sPAJKBfq8VR0V0sYSwoV7xl0YofKh
NUAJobAo4UImIJqrnDuh8FInElwZcF2joMW2blAIkCHcwhJCEl4mZOwnTuaoLPfTyFXKcwMnlRkc
NsmE78oo5aMXkUEe27+aEBKWyBTUlKe5RHoLswgiUwF05wkeelKkgRdz11HqMYg5/g5VYRwLjn6W
qixJRJpHSeo4Pk+4x0OuUuW4ju8nSqWBFH6aPUHNnAKq6Oct0l5nHdU5U64nwzCPA54Iwd1ERApJ
RURBCDeNlROGGY9j11ioJkVbOnUi+A95rm6lUvDpku8locN5nvpuHPhOFOdBlguXg9tMOlEA0I4T
JfvQqHmaFz2AGUemqBqdidwV8DXhgU8RhY7yQw9GIKI45PBqV8XSzeBZe8Con/qkWmv87hmM0XGD
WBJdUZiFSRo43IFF5LErUi7gBz4B3QPTq/se/1k3Je+VdcbgLJSIZWBLpGHkuRIqBUVwIli/jLQ2
4OkChfgesGKtKQq1R4c88gUCkgL9YZYjQkBqygOcBALjPHU8nmfS2wVizSAl04ZJIZDAhBMEAU/J
zJFgEYaofADI/BDOyf0kTTnB2Oa/rKh4+6CzM0A5JB//zOGZUn4CV/aSyAVbuRd5Ik7BjA/TTmXC
EcnzYBfUk7Ha1fxFQZzEAc5EUSY4j1WYJKEXeCqBy/nCC1UiwpB7ewCppih1TWFp8898ESCsUACP
8zj2PaESgAFRQepB2GnGfXhi5O5CKuulhgCTPEt8J0MC8kSeRiqPHR+YieEI5om4hf/4EFWQPoIw
b3pdjY6CCs4cyMYRqBsSITmPMkBFfgBkmEAoYU7IKsKV/i6oNe9XlproDEjDWGSJQAXO0yRMozjO
gjRCTE9klnpeLkORiz0QVdaP/CRnaZ4gbAQyzqETIVMeRpEKggwmhdiY8DhCPlDJnnC3P+drKgRQ
oszXvIPLnf0d1cgEYMs/oRwwsgFdHow6U8iHgQ8vRRRy0lQhN+RC5WGe+VEQhHEipdhTVVfV9Wdl
RRydpR7PclelCHGxGyGTIIdwJFrk0MjNkxSOloo0dfaANKWGECDjRpmDnCHyRAQ8527s+jjAEScA
NwsQhRGulastplMo5lA8VDC9Ypu7yYbdM6RIhJ4YwTBWgYfU7fhB7Ig4iyLEfIgjcDzhaKlM4FBU
nITr5MzNKVYj1qceqp4YFphkPPAjkWZuLKF+IEAIdp4Gg5RGqVzNy7r+NDSbkoCL1M3h4kIhBecQ
TyZFlEtXUfYUsZPHOee+CvegrsGjddRAR1gEflQCbkqCDSIoB+YcQvQ8DlMfMc3lsUBk8B7BKdV9
0T9YelAsUcYJVej7MZTjCAqrvhdnyJNxEsUZUrrKZZLswJFFnltKgjM/QF71cyEEdAer8WLPyVTq
OtLPkH1FlGYqTB25A0FVt0VbV7bwDE3ESIBMILJGFHlCZEUnjxC/KAZ5aYq0n3qOw8UuoPumbnvV
bsiJEKKyWGZBHMG1pUd6CpWC8XFIO0SwR97J83QHyrKsM14izZqEYWK9B/rDNHShEoTVHNk2UD5i
YRIF8DaUBRI6VMEuJBoSdvM6n5uBnw2rgtJhmsZQrYvomvgKIk24hMG7IYyTe3BAFKg7oExzNlcV
SqWp8pHKRAqOROBmKINQXYI0gAvd0IWkQo7aKw9CuOFT4GwRp6GZxJgFeRCjOJGovSldO6F0QaFQ
MPMEwQosChfgdqC1Sgy6UgWjFSXcDXEIbDIRKI7DxAmkQqEK5oljygSILTmieOTG3h64rh5aoeZ1
Q7wCbmeLCSS5PAgCX2Q+d2VKecSB1adx6GfCkVSxIji5Kd81UTs99lCcgkOE/YS7AmdE6mSoapw8
9FGexqhMVJCkrh/lqRvsQNjtFL0zEQl0Jp4fusjyEDWddt2EIkIcwQ5iP48k0iMBeVjndfWA0F0+
oEAq58KSg8LUo2o5iCClME5jha4g9ZMchpo5fpT6WZijskSOyxAkqKrsV6pTCnUyKqOq+GzjHOVH
P+ABAm6aCI/05cFHwtxFEECnouIsVDEydZYSkDuVrevPvO2PkahV24/NEur2FCEOroJOJaC6BEka
nChHgCYXBSSlkUR54ey3zdhb95Dn6va6rstu0mZvlo5mW9kBDWI7lvjQr+q2oxHctpVnNDykpp03
Bb0xPTmeVUXjejn24lI16HrpMN51dd6fTxdo/jTBf3MzoYSqEry7un7x7vr9pRFFV2gvX/V9050c
H6OzXw3ZAsFxMmQ43sAA35s5/pbZyWh/yqwZKUx4PX/34k9/fn1xcfXP4nI7VaQRzZbDy7dX1x/e
vrs43+HRqA25Y60QJDVF+svsdHiyZVp/nyXcepyyoI4KxqKnBrNnl5sn9rKu8mLJqPa/aW+qZ1dD
xc6VYK7HnPjE8U+ChL18cc08lPq0oeTVckC3caqqJT2v616e0lSGmWEVrRmcc4rmpy4c0qPFuxXY
mJdF15/WeU4rvKrqoUKgaPS8eM7FqlDmE0x3WlcaUsPv0H21dW+a1VM30kj5vT3UnXoOrdDHiDXC
9Kl+ymuKP5s1iw9tuaRZyfjc3DYWDSXBQgxl/3CqaTVzJwTWeaf6vqiW3anmnUbfc7Ka07u6LeV2
DW4tJ1soRJyev/ruxfuLa1o1xjH/66DaB4vSLrUIuSM99HvRwKsBXJ7+m/4HUhr6et7xW2UP3hbq
bi4L6iWFOk1o6T6r7+dkqHYLzEZBI4uHNVVkz5j+CiW0ogcTkbW+GcTEthYzf3OpLYBdU5hiI+eM
t4ohcrEa2RA/eM8EaU5/lSsqUQ5SSfxgjyzNQLuq1+br3WOoHc/VEavxpu0IKMtQ6n9iD0gfFhor
cgYVFnmhcUB79F2ufDCgf1B3G4DHUuUcGuzYXV193TPeNIq3jKSH2r+gPumBqKTPDIb7u5Wq2NAs
Wy4BYEEgjfEagCf0wNizDytFBLK+Bq5KMgCyQ1FIo+VVR52pNK81yWUNZGAZv1SvJYcyvxCKrfQ4
n1bWBrYx09GjTljOy06ZV91q6GUN27ffSU/Yzcw4GBNl3Sl5M7P0vSjL+o6RX4Gk8XsIuy04+wuZ
m9mlLW9uX54wilH2+Ctth/YcA4WMXIRBixASQcwemBWtOWENd7Nhh+xnH5AiYSmQNZeSoRQwKiFR
01ydrRXvhlb7OIMiMkXEQ1TqrwMvSYj6Sy7TH3/ZgUWM4HNo4BusNGSi4DKHGmisfcJMEAD+H4Z1
BhnB3l50D5WgrxswiPYTLGxht7yH9LTpjzzTxhUq2HqARnGgO2LavZkNA/CXI0b1Ntih7KClhLhM
a2s0CEJvGcFfaaWDN1hgW98XsD4FcYA1bdfVhkCS84ao1zlZMu0iiz1iRf81BNm3+qBUFP60Ke0d
ZwfgY4BfeVZAmpm55fhEA3tsx1ybTDtUFSlYUsiqG60SPcDuFsgAt/Y3WxfLFVy+5d3qaOqg1phI
Mm07NL1ZNYIjAa1B34Y7rWy4rp5PS+Mu/LYuJIh/mgayGbLDGiKHvS12jI/6ZrNta8s6LyDetw+j
5/5JdwKMsi8zb+Am66KnMLBWS5499FAAuzJyd7Ski44QWADXpMa7QitCGxp8+25uQI2212lm8wK0
IoCBjUpDy1ulRqTG+qG8gTyZLWvojWZ22kwMKtu0aPJOmDPyAxp07DYzkP8TnFBp80d8UCL+R/no
+rrRpNiouyHNAuwY4gwlUyUnhBHmkTp0AMGEQB0vPmjHsXR2X/9TKNWuo0mj4MLs9QyEBHWPxktH
7dqQbtyWct5mt7oXKC26LWdjnHt7/eqEXX//+opdvH7z+pq9uLy8eP3qil2+esdQO/751bsjhk3s
+i12vWIfvn978Ypdvnv78tXV1eJxrNiRjBdGE8FcqraodYbv9Xd5sKq/0o9y2URpF7qgiyQ2FOlN
c8RPNcZnCxAlJ7hGfIetEfe/Z4rGBFE3UjataJtFaeEbMIja2zwwDQbA9JYSEZUQ+tji8QmyE1u5
Q5mNElRpGGkT4Ubb5uyGG5iearot275j+e4Of48wKwV/IoUlbzP4EFru0n6IsWHraYlrtySy7Dlm
zyH8r3k16OpmShHagQEWeng0ppXHJjoaqcnWeQ5ohvP11lUX7K1JGsYhUJbUQyk31BTIRHcV2/LQ
jaAbzQJYjhxnwjVwfqcDzKOcq83KwNnwmLf1esze43m7Zz413n29E2dWv0/YDXvC4B5ZztVYp5Iy
W+AkQ7UGL4d1Y4q5sW5k9tWcXm31eE4b7SHNiyZ65IguUd0pBAj+hNhRDyCfAsstjLDrBkXBpF9B
m8uxzKWAR/i2lB2NCjYFiK1kFyM9tPmLcqO2SqyG6lO35eElb2i9WA9rJHDk7paNzQcpmZk2zFCz
lTT5lRWt9qzHNoh6v9lQppHOqRAfkNGDHU2e1+b1vuWbW28jlnH76HAGot26z6cuUuYC/aaacHoO
wnRhhMqVZApaTTVjYDWcGiVmThl+t7zi2EbKhr+RAto+LbhJpCV1Jhb2H4H7I1ulfyvVk0JPNqkH
leGqLk2Vm/EefTW1BpoBFGwwM5u+dHw0jZl9a1JWpjb17pg+n011OL6kEN0+9AT+iM3diXqtajXy
eT8StEktOgtsC2rdNVMdK40kqNHSvQcdx6IlbsG+RzEKazvV1SV7efn+CGdBRwZvvCskHERXJmMc
3mCYawwnLNr2ANsGodNymuxesBcSwW7Fy/wYXa/pXKQq6bqpRgfEjGY1ZIATt52m1Qm43Q7p1T3F
Rqp0eblgRMj7y+pyrPy3vSo1OETYHRKzOTo0VTO3K48arzfWR7vis9pomPqEUbEdJVNbrKGPMCYz
Sd5B6plDhwt2ac+UvF3qA9w2ztY6LM685UtiBBqCALum1PURdcJrsEDBgbektZdlQTMd3eK36PRU
17M31+81rR3YIuazoWc0VNCK3SI0/c5iG5/W/TCncyea4tEDpMqG5cm2l3rOXOqhbKm4glPrHcx2
052ZBJCVV109JkRrI+4I1IS2EerLVY2+m+xzbKPU2DrrCCh5z1nHb7cRl4Y242yL3u703SBSTwpN
mWQHK7/URWW6eD3b+pr9mNX35Bcte33ODn58//r8EFKAU4AO7L9D6oCV3RZIozAZarBadFeLaQ0K
G6n1Jq2CCr7w47cXIwbbfk1WvtboKn3LlzTZK+rLdarXHNbjoMcmpMnsKc8tYrwt8of5/VDIKc90
RwhhUfF+G3QhBm3FR2N3ohteSy5MCsWvrgWrWpRFw/RpWNQb/gBrosZ3Xd+O0wTKkpuUokP5fHxr
0O51i+Pobnfec60HNsYpzP/zY3Sj47X1gKGz4yMBt+/HEGlPzc2pE9agMrstyhGdSQg2tG2wUXbj
1XLTx1R0uNxPtUfjrp3p35NTt1H5L9Z07VVPCnRKNwGAhGtVT9mbIpudrMBI6cmmXwB4p9PxBIAW
Q6VM954pAzBTdFGc6UGtzpqr0SOsE+gJ7qPUboRBCCfCQAxjfJ/sxlzFBFa6jv40xc7vkcxbQIMF
jU4KwrcA6NeGMt/GAJp2zIcGto7aYBphBWVtjVAPsXed+Vwj1deoOh3GSM6qJUtg5lYds7yyzaRo
LBT0qT1RAOaceewZW6J57HaFtp1KTeS2eCw4G+LueKF7TIRdtFxGc03dDOXWcO0j5Um9ywZYfxNe
dRsybzbBkDIVRTck1El5ryfVZjJ3sikaaKCoG2DzwuRaq9PCfEIYxzo7wYL8RH94fbS4cdj9F80K
tXBe72gNnjo3H4cmu1c16U+TtWjW62ZR1FtO19NgYIM+yZEOkfjI94kH8kSSqx572WPjwHMxxWPf
7WOyqecP04uNC/Q9u7NCnIwMLBQg6TdF1zgcWNllbXpUo9vSzhoejWdRU0td0RT5BhSKZrBkJvRk
ymN/PDoNIFq/mwZTXha825TTqHI43U/YPFMOBr32+9oJsz/Gt7AlGuicsJ900kTwPtITnp9H8Cb6
TmL09FuCZoxKm7aQtkseP+Do9vepMKmzik4SnS7ldBcF3RVNqWys32VlxK3fjQ+MPvxQABqD5hbz
Cfvu4sX1ifdNfBSm9+6Rf+8fed+430hK0trZDvpWKf0/J5wmjvF08xSEh9saxIzsd9tSUxtRMIMG
7JRJZ0M9JoJWxQMz18WHdvT5sbpuN8N+nc8BB7FR6M8r3Si++fipALYyFl/PviOvMsj0iR0wg05X
9v+lmqzMdeWzU5DUje7d1D2iaGdbFPGJitpOF+GQTVaglHwwBYbeRzzra8aliVOjhxleNQ5kxXbi
+vQN7L5XVWfuH/w6e4k0Nb17nQl7J2yzQp9tKsnbnbV6/VHWPcrlnVV7B2C7MLTl9Fmayyeb57wo
zcWWzcpyvXMTfIVYNH0u4I230wW63z19XmfmI9TOGmKD3kXXuPSlDJQJYEhONzViVw7vNjeBp6ud
/izY7S4hU66nK1eXFzvoH7q/lvpCu/3FNq+mNx42i/f3lmt9AxILD1x/sKSrzfT4uWjMrYN0QXeo
PpubbpvjeLxf70q9JvI8x6Eb43SX5/L87Q7rsv6oSdtfxFKxqzCEiarrdjZeFRQGfnyzw/MeBXik
RnCPz3V51xZ7+p/cawzsVYPL1Z7tUR7Xt0Q9LSRfS6VYmuuj+jKLt4hIElTIysxuIlCifWj62i54
RlgoT+0lWpL37uW9j1tck/f0qY0y6o7dykcqL3asRIvSny5t7hctB2OLI/z/pOrg7aWegWwP/Pbb
fwM7USZ7
===END CRASH DUMP===
